<?xml version="1.0" ?>
<coverage branch-rate="0.25" branches-covered="2" branches-valid="8" complexity="0" line-rate="0.5926" lines-covered="48" lines-valid="81" timestamp="1561943861311" version="4.5.3">
	<!-- Generated by coverage.py: https://coverage.readthedocs.io -->
	<!-- Based on https://raw.githubusercontent.com/cobertura/web/master/htdocs/xml/coverage-04.dtd -->
	<sources>
		<source>C:\Users\ryanl\sandbox\python\saib</source>
	</sources>
	<packages>
		<package branch-rate="0.25" complexity="0" line-rate="0.5811" name="src.saib">
			<classes>
				<class branch-rate="0.25" complexity="0" filename="src/saib/skeleton.py" line-rate="0.5811" name="skeleton.py">
					<methods/>
					<lines>
						<line hits="1" number="3"/>
						<line hits="1" number="19"/>
						<line hits="1" number="20"/>
						<line hits="1" number="21"/>
						<line hits="1" number="22"/>
						<line hits="1" number="23"/>
						<line hits="1" number="25"/>
						<line hits="1" number="26"/>
						<line hits="1" number="27"/>
						<line hits="1" number="29"/>
						<line hits="1" number="31"/>
						<line hits="1" number="32"/>
						<line hits="1" number="33"/>
						<line hits="1" number="35"/>
						<line hits="1" number="36"/>
						<line hits="1" number="37"/>
						<line hits="1" number="38"/>
						<line hits="1" number="40"/>
						<line hits="1" number="41"/>
						<line hits="1" number="42"/>
						<line hits="1" number="44"/>
						<line hits="1" number="47"/>
						<line hits="1" number="48"/>
						<line branch="true" condition-coverage="100% (2/2)" hits="1" number="49"/>
						<line hits="1" number="50"/>
						<line hits="1" number="51"/>
						<line hits="1" number="54"/>
						<line hits="1" number="55"/>
						<line hits="1" number="61"/>
						<line hits="1" number="62"/>
						<line hits="1" number="63"/>
						<line hits="1" number="64"/>
						<line hits="1" number="65"/>
						<line hits="1" number="72"/>
						<line hits="1" number="73"/>
						<line hits="1" number="76"/>
						<line hits="0" number="77"/>
						<line hits="0" number="78"/>
						<line hits="0" number="79"/>
						<line hits="0" number="80"/>
						<line hits="0" number="82"/>
						<line branch="true" condition-coverage="0% (0/2)" hits="0" missing-branches="exit,exit" number="83"/>
						<line hits="1" number="86"/>
						<line hits="0" number="87"/>
						<line hits="1" number="94"/>
						<line hits="0" number="95"/>
						<line hits="1" number="98"/>
						<line hits="0" number="99"/>
						<line hits="0" number="105"/>
						<line hits="0" number="106"/>
						<line branch="true" condition-coverage="0% (0/2)" hits="0" missing-branches="108,113" number="107"/>
						<line hits="0" number="108"/>
						<line hits="0" number="109"/>
						<line hits="0" number="111"/>
						<line hits="0" number="113"/>
						<line hits="1" number="116"/>
						<line hits="0" number="125"/>
						<line hits="0" number="127"/>
						<line hits="0" number="131"/>
						<line hits="0" number="136"/>
						<line hits="0" number="143"/>
						<line hits="0" number="150"/>
						<line hits="1" number="153"/>
						<line hits="0" number="159"/>
						<line hits="0" number="160"/>
						<line hits="1" number="164"/>
						<line hits="0" number="170"/>
						<line hits="0" number="171"/>
						<line branch="true" condition-coverage="0% (0/2)" hits="0" missing-branches="exit,173" number="172"/>
						<line hits="0" number="173"/>
						<line hits="0" number="174"/>
						<line hits="0" number="175"/>
						<line hits="1" number="178"/>
						<line hits="0" number="181"/>
					</lines>
				</class>
			</classes>
		</package>
		<package branch-rate="1" complexity="0" line-rate="0.7143" name="src.saib">
			<classes>
				<class branch-rate="1" complexity="0" filename="src/saib/__init__.py" line-rate="0.7143" name="__init__.py">
					<methods/>
					<lines>
						<line hits="1" number="2"/>
						<line hits="1" number="4"/>
						<line hits="1" number="6"/>
						<line hits="1" number="7"/>
						<line hits="0" number="8"/>
						<line hits="0" number="9"/>
						<line hits="1" number="11"/>
					</lines>
				</class>
			</classes>
		</package>
	</packages>
</coverage>
